* using log directory ‘/Users/Dizzy/Desktop/NullSens_R/NullSens/NullSens.Rcheck’
* using R version 2.15.3 Patched (2013-03-13 r62287)
* using platform: x86_64-apple-darwin9.8.0 (64-bit)
* using session charset: UTF-8
* checking for file ‘NullSens/DESCRIPTION’ ... OK
* this is package ‘NullSens’ version ‘1.0’
* checking package namespace information ... OK
* checking package dependencies ... OK
* checking if this is a source package ... OK
* checking if there is a namespace ... OK
* checking for executable files ... OK
* checking whether package ‘NullSens’ can be installed ... OK
* checking installed package size ... OK
* checking package directory ... OK
* checking for portable file names ... OK
* checking for sufficient/correct file permissions ... OK
* checking DESCRIPTION meta-information ... OK
* checking top-level files ... OK
* checking for left-over files ... OK
* checking index information ... OK
* checking package subdirectories ... OK
* checking R files for non-ASCII characters ... OK
* checking R files for syntax errors ... OK
* checking whether the package can be loaded ... OK
* checking whether the package can be loaded with stated dependencies ... OK
* checking whether the package can be unloaded cleanly ... OK
* checking whether the namespace can be loaded with stated dependencies ... OK
* checking whether the namespace can be unloaded cleanly ... OK
* checking for unstated dependencies in R code ... OK
* checking S3 generic/method consistency ... OK
* checking replacement functions ... OK
* checking foreign function calls ... OK
* checking R code for possible problems ... OK
* checking Rd files ... OK
* checking Rd metadata ... OK
* checking Rd cross-references ... OK
* checking for missing documentation entries ... OK
* checking for code/documentation mismatches ... WARNING
Codoc mismatches from documentation object 'tic':
tic
  Code: function(gcFirst = TRUE, type = c("elapsed", "user.self",
                 "sys.self"))
  Docs: function()
  Argument names in code not in docs:
    gcFirst type

* checking Rd \usage sections ... OK
* checking Rd contents ... OK
* checking for unstated dependencies in examples ... OK
* checking examples ... NONE
* checking PDF version of manual ... OK
WARNING: There was 1 warning.
See
  ‘/Users/Dizzy/Desktop/NullSens_R/NullSens/NullSens.Rcheck/00check.log’
for details.
