Hmm ... looks like a package

This is pdfTeX, Version 3.1415926-1.40.10 (TeX Live 2009)
entering extended mode

(/private/var/folders/ww/wwUbw1DFFoiTGBWKpToo+E+++TI/-Tmp-/RtmpZw1yNo/Rd2pdf66e
c5ac3b27b/Rd2.tex
LaTeX2e <2009/09/24>
Babel <v3.8l> and hyphenation patterns for english, usenglishmax, dumylang, noh
yphenation, german-x-2009-06-19, ngerman-x-2009-06-19, ancientgreek, ibycus, ar
abic, basque, bulgarian, catalan, pinyin, coptic, croatian, czech, danish, dutc
h, esperanto, estonian, farsi, finnish, french, galician, german, ngerman, mono
greek, greek, hungarian, icelandic, indonesian, interlingua, irish, italian, ku
rmanji, latin, latvian, lithuanian, mongolian, mongolian2a, bokmal, nynorsk, po
lish, portuguese, romanian, russian, sanskrit, serbian, slovak, slovenian, span
ish, swedish, turkish, ukenglish, ukrainian, uppersorbian, welsh, loaded.

(/usr/local/texlive/2009/texmf-dist/tex/latex/base/book.cls
Document Class: book 2007/10/19 v1.4h Standard LaTeX document class
(/usr/local/texlive/2009/texmf-dist/tex/latex/base/bk10.clo))
(/Library/Frameworks/R.framework/Resources/share/texmf/tex/latex/Rd.sty
(/usr/local/texlive/2009/texmf-dist/tex/latex/base/ifthen.sty)
(/usr/local/texlive/2009/texmf-dist/tex/latex/tools/longtable.sty)
(/usr/local/texlive/2009/texmf-dist/tex/latex/tools/bm.sty)
(/usr/local/texlive/2009/texmf-dist/tex/latex/base/alltt.sty)
(/usr/local/texlive/2009/texmf-dist/tex/latex/tools/verbatim.sty)
(/usr/local/texlive/2009/texmf-dist/tex/latex/ltxmisc/url.sty) NOT loading ae
(/usr/local/texlive/2009/texmf-dist/tex/latex/base/fontenc.sty
(/usr/local/texlive/2009/texmf-dist/tex/latex/base/t1enc.def))
(/usr/local/texlive/2009/texmf-dist/tex/latex/psnfss/times.sty)
NOT loading lmodern
(/usr/local/texlive/2009/texmf-dist/tex/latex/inconsolata/inconsolata.sty
(/usr/local/texlive/2009/texmf-dist/tex/latex/base/textcomp.sty
(/usr/local/texlive/2009/texmf-dist/tex/latex/base/ts1enc.def))
(/usr/local/texlive/2009/texmf-dist/tex/latex/graphics/keyval.sty))
(/usr/local/texlive/2009/texmf-dist/tex/latex/graphics/color.sty
(/usr/local/texlive/2009/texmf-dist/tex/latex/latexconfig/color.cfg)
(/usr/local/texlive/2009/texmf-dist/tex/latex/pdftex-def/pdftex.def))
(/usr/local/texlive/2009/texmf-dist/tex/latex/hyperref/hyperref.sty
(/usr/local/texlive/2009/texmf-dist/tex/generic/oberdiek/ifpdf.sty)
(/usr/local/texlive/2009/texmf-dist/tex/generic/oberdiek/ifvtex.sty)
(/usr/local/texlive/2009/texmf-dist/tex/generic/ifxetex/ifxetex.sty)
(/usr/local/texlive/2009/texmf-dist/tex/latex/oberdiek/hycolor.sty
(/usr/local/texlive/2009/texmf-dist/tex/latex/oberdiek/xcolor-patch.sty))
(/usr/local/texlive/2009/texmf-dist/tex/latex/hyperref/pd1enc.def)
(/usr/local/texlive/2009/texmf-dist/tex/generic/oberdiek/etexcmds.sty
(/usr/local/texlive/2009/texmf-dist/tex/generic/oberdiek/infwarerr.sty))
(/usr/local/texlive/2009/texmf-dist/tex/latex/latexconfig/hyperref.cfg)
(/usr/local/texlive/2009/texmf-dist/tex/latex/oberdiek/kvoptions.sty
(/usr/local/texlive/2009/texmf-dist/tex/generic/oberdiek/kvsetkeys.sty))
Implicit mode ON; LaTeX internals redefined
(/usr/local/texlive/2009/texmf-dist/tex/generic/oberdiek/bitset.sty
(/usr/local/texlive/2009/texmf-dist/tex/generic/oberdiek/intcalc.sty)
(/usr/local/texlive/2009/texmf-dist/tex/generic/oberdiek/bigintcalc.sty
(/usr/local/texlive/2009/texmf-dist/tex/generic/oberdiek/pdftexcmds.sty
(/usr/local/texlive/2009/texmf-dist/tex/generic/oberdiek/ifluatex.sty)
(/usr/local/texlive/2009/texmf-dist/tex/generic/oberdiek/ltxcmds.sty))))
(/usr/local/texlive/2009/texmf-dist/tex/generic/oberdiek/atbegshi.sty))
*hyperref using default driver hpdftex*
(/usr/local/texlive/2009/texmf-dist/tex/latex/hyperref/hpdftex.def)

Package hyperref Warning: Option `hyperindex' has already been used,
(hyperref)                setting the option has no effect on input line 356.


Package hyperref Warning: Option `pagebackref' has already been used,
(hyperref)                setting the option has no effect on input line 356.

) (/usr/local/texlive/2009/texmf-dist/tex/latex/base/makeidx.sty)
(/usr/local/texlive/2009/texmf-dist/tex/latex/base/inputenc.sty
(/usr/local/texlive/2009/texmf-dist/tex/latex/base/utf8.def
(/usr/local/texlive/2009/texmf-dist/tex/latex/base/t1enc.dfu)
(/usr/local/texlive/2009/texmf-dist/tex/latex/base/ot1enc.dfu)
(/usr/local/texlive/2009/texmf-dist/tex/latex/base/omsenc.dfu)
(/usr/local/texlive/2009/texmf-dist/tex/latex/base/ts1enc.dfu))
(/usr/local/texlive/2009/texmf-dist/tex/latex/base/latin1.def))
Writing index file Rd2.idx
No file Rd2.aux.
(/usr/local/texlive/2009/texmf-dist/tex/latex/base/ts1cmr.fd)
(/usr/local/texlive/2009/texmf-dist/tex/latex/psnfss/t1ptm.fd)
(/usr/local/texlive/2009/texmf-dist/tex/context/base/supp-pdf.mkii
[Loading MPS to PDF converter (version 2006.09.02).]
) (/usr/local/texlive/2009/texmf-dist/tex/latex/hyperref/nameref.sty
(/usr/local/texlive/2009/texmf-dist/tex/latex/oberdiek/refcount.sty))
(/usr/local/texlive/2009/texmf-dist/tex/latex/inconsolata/t1fi4.fd)
(/usr/local/texlive/2009/texmf-dist/tex/latex/psnfss/t1phv.fd)
(/usr/local/texlive/2009/texmf-dist/tex/latex/base/utf8.def)
(/usr/local/texlive/2009/texmf-dist/tex/latex/base/utf8.def) [1{/usr/local/texl
ive/2009/texmf-var/fonts/map/pdftex/updmap/pdftex.map}]
(/usr/local/texlive/2009/texmf-dist/tex/latex/base/utf8.def) [2]
(/usr/local/texlive/2009/texmf-dist/tex/latex/base/utf8.def)
(/usr/local/texlive/2009/texmf-dist/tex/latex/base/utf8.def) [3]
(/usr/local/texlive/2009/texmf-dist/tex/latex/base/utf8.def) [4]
(/usr/local/texlive/2009/texmf-dist/tex/latex/base/utf8.def)
Overfull \hbox (2.43619pt too wide) in paragraph at lines 255--256
[]\T1/ptm/m/n/10 This null model ran-domly per-mutes species abun-dance us-ing 
the re-spec-tive sites se-lected in sites_sel.
(/usr/local/texlive/2009/texmf-dist/tex/latex/base/utf8.def) [5] [6]
(/usr/local/texlive/2009/texmf-dist/tex/latex/base/utf8.def)
Overfull \hbox (44.78104pt too wide) in paragraph at lines 341--341
 []\T1/fi4/m/n/10 reg_method = "robust", null_reps = 200, test_stat = c(1, 1), 
mutual_reject = 7, alpha = 0.05)[] 
[7] (/usr/local/texlive/2009/texmf-dist/tex/latex/base/utf8.def)
(/usr/local/texlive/2009/texmf-dist/tex/latex/base/utf8.def) [8]
(/usr/local/texlive/2009/texmf-dist/tex/latex/base/utf8.def) [9]
Overfull \hbox (0.61644pt too wide) in paragraph at lines 489--490
[]\T1/ptm/m/n/10 test_stat[1] = 1: absolute-covariance = 2: squared-covariance 
= 3: absolute-correlation = 4: squared-
(/usr/local/texlive/2009/texmf-dist/tex/latex/base/utf8.def) [10]
(/usr/local/texlive/2009/texmf-dist/tex/latex/base/utf8.def)
(/usr/local/texlive/2009/texmf-dist/tex/latex/base/utf8.def) [11]
No file Rd2.ind.
[12] (./Rd2.aux) )
(see the transcript file for additional information){/usr/local/texlive/2009/te
xmf-dist/fonts/enc/dvips/base/8r.enc}{/usr/local/texlive/2009/texmf-dist/fonts/
enc/dvips/inconsolata/fi4-ec.enc}</usr/local/texlive/2009/texmf-dist/fonts/type
1/public/inconsolata/Inconsolata.pfb></usr/local/texlive/2009/texmf-dist/fonts/
type1/urw/helvetic/uhvr8a.pfb></usr/local/texlive/2009/texmf-dist/fonts/type1/u
rw/times/utmb8a.pfb></usr/local/texlive/2009/texmf-dist/fonts/type1/urw/times/u
tmr8a.pfb></usr/local/texlive/2009/texmf-dist/fonts/type1/urw/times/utmr8a.pfb>
</usr/local/texlive/2009/texmf-dist/fonts/type1/urw/times/utmri8a.pfb>
Output written on Rd2.pdf (12 pages, 106950 bytes).
Transcript written on Rd2.log.
This is makeindex, version 2.15 [TeX Live 2009] (kpathsea + Thai support).
Scanning input file ./Rd2.idx....done (15 entries accepted, 0 rejected).
Sorting entries....done (55 comparisons).
Generating output file ./Rd2.ind....done (34 lines written, 0 warnings).
Output written in ./Rd2.ind.
Transcript written in ./Rd2.ilg.
This is pdfTeX, Version 3.1415926-1.40.10 (TeX Live 2009)
entering extended mode

(/private/var/folders/ww/wwUbw1DFFoiTGBWKpToo+E+++TI/-Tmp-/RtmpZw1yNo/Rd2pdf66e
c5ac3b27b/Rd2.tex
LaTeX2e <2009/09/24>
Babel <v3.8l> and hyphenation patterns for english, usenglishmax, dumylang, noh
yphenation, german-x-2009-06-19, ngerman-x-2009-06-19, ancientgreek, ibycus, ar
abic, basque, bulgarian, catalan, pinyin, coptic, croatian, czech, danish, dutc
h, esperanto, estonian, farsi, finnish, french, galician, german, ngerman, mono
greek, greek, hungarian, icelandic, indonesian, interlingua, irish, italian, ku
rmanji, latin, latvian, lithuanian, mongolian, mongolian2a, bokmal, nynorsk, po
lish, portuguese, romanian, russian, sanskrit, serbian, slovak, slovenian, span
ish, swedish, turkish, ukenglish, ukrainian, uppersorbian, welsh, loaded.

(/usr/local/texlive/2009/texmf-dist/tex/latex/base/book.cls
Document Class: book 2007/10/19 v1.4h Standard LaTeX document class
(/usr/local/texlive/2009/texmf-dist/tex/latex/base/bk10.clo))
(/Library/Frameworks/R.framework/Resources/share/texmf/tex/latex/Rd.sty
(/usr/local/texlive/2009/texmf-dist/tex/latex/base/ifthen.sty)
(/usr/local/texlive/2009/texmf-dist/tex/latex/tools/longtable.sty)
(/usr/local/texlive/2009/texmf-dist/tex/latex/tools/bm.sty)
(/usr/local/texlive/2009/texmf-dist/tex/latex/base/alltt.sty)
(/usr/local/texlive/2009/texmf-dist/tex/latex/tools/verbatim.sty)
(/usr/local/texlive/2009/texmf-dist/tex/latex/ltxmisc/url.sty) NOT loading ae
(/usr/local/texlive/2009/texmf-dist/tex/latex/base/fontenc.sty
(/usr/local/texlive/2009/texmf-dist/tex/latex/base/t1enc.def))
(/usr/local/texlive/2009/texmf-dist/tex/latex/psnfss/times.sty)
NOT loading lmodern
(/usr/local/texlive/2009/texmf-dist/tex/latex/inconsolata/inconsolata.sty
(/usr/local/texlive/2009/texmf-dist/tex/latex/base/textcomp.sty
(/usr/local/texlive/2009/texmf-dist/tex/latex/base/ts1enc.def))
(/usr/local/texlive/2009/texmf-dist/tex/latex/graphics/keyval.sty))
(/usr/local/texlive/2009/texmf-dist/tex/latex/graphics/color.sty
(/usr/local/texlive/2009/texmf-dist/tex/latex/latexconfig/color.cfg)
(/usr/local/texlive/2009/texmf-dist/tex/latex/pdftex-def/pdftex.def))
(/usr/local/texlive/2009/texmf-dist/tex/latex/hyperref/hyperref.sty
(/usr/local/texlive/2009/texmf-dist/tex/generic/oberdiek/ifpdf.sty)
(/usr/local/texlive/2009/texmf-dist/tex/generic/oberdiek/ifvtex.sty)
(/usr/local/texlive/2009/texmf-dist/tex/generic/ifxetex/ifxetex.sty)
(/usr/local/texlive/2009/texmf-dist/tex/latex/oberdiek/hycolor.sty
(/usr/local/texlive/2009/texmf-dist/tex/latex/oberdiek/xcolor-patch.sty))
(/usr/local/texlive/2009/texmf-dist/tex/latex/hyperref/pd1enc.def)
(/usr/local/texlive/2009/texmf-dist/tex/generic/oberdiek/etexcmds.sty
(/usr/local/texlive/2009/texmf-dist/tex/generic/oberdiek/infwarerr.sty))
(/usr/local/texlive/2009/texmf-dist/tex/latex/latexconfig/hyperref.cfg)
(/usr/local/texlive/2009/texmf-dist/tex/latex/oberdiek/kvoptions.sty
(/usr/local/texlive/2009/texmf-dist/tex/generic/oberdiek/kvsetkeys.sty))
Implicit mode ON; LaTeX internals redefined
(/usr/local/texlive/2009/texmf-dist/tex/generic/oberdiek/bitset.sty
(/usr/local/texlive/2009/texmf-dist/tex/generic/oberdiek/intcalc.sty)
(/usr/local/texlive/2009/texmf-dist/tex/generic/oberdiek/bigintcalc.sty
(/usr/local/texlive/2009/texmf-dist/tex/generic/oberdiek/pdftexcmds.sty
(/usr/local/texlive/2009/texmf-dist/tex/generic/oberdiek/ifluatex.sty)
(/usr/local/texlive/2009/texmf-dist/tex/generic/oberdiek/ltxcmds.sty))))
(/usr/local/texlive/2009/texmf-dist/tex/generic/oberdiek/atbegshi.sty))
*hyperref using default driver hpdftex*
(/usr/local/texlive/2009/texmf-dist/tex/latex/hyperref/hpdftex.def)

Package hyperref Warning: Option `hyperindex' has already been used,
(hyperref)                setting the option has no effect on input line 356.


Package hyperref Warning: Option `pagebackref' has already been used,
(hyperref)                setting the option has no effect on input line 356.

) (/usr/local/texlive/2009/texmf-dist/tex/latex/base/makeidx.sty)
(/usr/local/texlive/2009/texmf-dist/tex/latex/base/inputenc.sty
(/usr/local/texlive/2009/texmf-dist/tex/latex/base/utf8.def
(/usr/local/texlive/2009/texmf-dist/tex/latex/base/t1enc.dfu)
(/usr/local/texlive/2009/texmf-dist/tex/latex/base/ot1enc.dfu)
(/usr/local/texlive/2009/texmf-dist/tex/latex/base/omsenc.dfu)
(/usr/local/texlive/2009/texmf-dist/tex/latex/base/ts1enc.dfu))
(/usr/local/texlive/2009/texmf-dist/tex/latex/base/latin1.def))
Writing index file Rd2.idx
(./Rd2.aux) (/usr/local/texlive/2009/texmf-dist/tex/latex/base/ts1cmr.fd)
(/usr/local/texlive/2009/texmf-dist/tex/latex/psnfss/t1ptm.fd)
(/usr/local/texlive/2009/texmf-dist/tex/context/base/supp-pdf.mkii
[Loading MPS to PDF converter (version 2006.09.02).]
) (/usr/local/texlive/2009/texmf-dist/tex/latex/hyperref/nameref.sty
(/usr/local/texlive/2009/texmf-dist/tex/latex/oberdiek/refcount.sty))
(./Rd2.out) (./Rd2.out)
(/usr/local/texlive/2009/texmf-dist/tex/latex/inconsolata/t1fi4.fd)
(/usr/local/texlive/2009/texmf-dist/tex/latex/psnfss/t1phv.fd) (./Rd2.toc)
(/usr/local/texlive/2009/texmf-dist/tex/latex/base/utf8.def) [1{/usr/local/texl
ive/2009/texmf-var/fonts/map/pdftex/updmap/pdftex.map}]
(/usr/local/texlive/2009/texmf-dist/tex/latex/base/utf8.def) [2]
(/usr/local/texlive/2009/texmf-dist/tex/latex/base/utf8.def)
(/usr/local/texlive/2009/texmf-dist/tex/latex/base/utf8.def) [3]
(/usr/local/texlive/2009/texmf-dist/tex/latex/base/utf8.def)
(/usr/local/texlive/2009/texmf-dist/tex/latex/base/utf8.def) [4]
(/usr/local/texlive/2009/texmf-dist/tex/latex/base/utf8.def) [5]
Overfull \hbox (2.43619pt too wide) in paragraph at lines 255--256
[]\T1/ptm/m/n/10 This null model ran-domly per-mutes species abun-dance us-ing 
the re-spec-tive sites se-lected in sites_sel.
(/usr/local/texlive/2009/texmf-dist/tex/latex/base/utf8.def) [6]
(/usr/local/texlive/2009/texmf-dist/tex/latex/base/utf8.def) [7]
Overfull \hbox (44.78104pt too wide) in paragraph at lines 341--341
 []\T1/fi4/m/n/10 reg_method = "robust", null_reps = 200, test_stat = c(1, 1), 
mutual_reject = 7, alpha = 0.05)[] 
[8] (/usr/local/texlive/2009/texmf-dist/tex/latex/base/utf8.def)
(/usr/local/texlive/2009/texmf-dist/tex/latex/base/utf8.def) [9]
(/usr/local/texlive/2009/texmf-dist/tex/latex/base/utf8.def)
Overfull \hbox (0.61644pt too wide) in paragraph at lines 489--490
[]\T1/ptm/m/n/10 test_stat[1] = 1: absolute-covariance = 2: squared-covariance 
= 3: absolute-correlation = 4: squared-
[10] (/usr/local/texlive/2009/texmf-dist/tex/latex/base/utf8.def)
(/usr/local/texlive/2009/texmf-dist/tex/latex/base/utf8.def)
(/usr/local/texlive/2009/texmf-dist/tex/latex/base/utf8.def) [11] (./Rd2.ind
[12] [13]) (./Rd2.aux) )
(see the transcript file for additional information){/usr/local/texlive/2009/te
xmf-dist/fonts/enc/dvips/base/8r.enc}{/usr/local/texlive/2009/texmf-dist/fonts/
enc/dvips/inconsolata/fi4-ec.enc}</usr/local/texlive/2009/texmf-dist/fonts/type
1/public/inconsolata/Inconsolata.pfb></usr/local/texlive/2009/texmf-dist/fonts/
type1/urw/helvetic/uhvr8a.pfb></usr/local/texlive/2009/texmf-dist/fonts/type1/u
rw/times/utmb8a.pfb></usr/local/texlive/2009/texmf-dist/fonts/type1/urw/times/u
tmr8a.pfb></usr/local/texlive/2009/texmf-dist/fonts/type1/urw/times/utmr8a.pfb>
</usr/local/texlive/2009/texmf-dist/fonts/type1/urw/times/utmri8a.pfb>
Output written on Rd2.pdf (13 pages, 117858 bytes).
Transcript written on Rd2.log.
This is makeindex, version 2.15 [TeX Live 2009] (kpathsea + Thai support).
Scanning input file ./Rd2.idx....done (15 entries accepted, 0 rejected).
Sorting entries....done (55 comparisons).
Generating output file ./Rd2.ind....done (34 lines written, 0 warnings).
Output written in ./Rd2.ind.
Transcript written in ./Rd2.ilg.
This is pdfTeX, Version 3.1415926-1.40.10 (TeX Live 2009)
entering extended mode

(/private/var/folders/ww/wwUbw1DFFoiTGBWKpToo+E+++TI/-Tmp-/RtmpZw1yNo/Rd2pdf66e
c5ac3b27b/Rd2.tex
LaTeX2e <2009/09/24>
Babel <v3.8l> and hyphenation patterns for english, usenglishmax, dumylang, noh
yphenation, german-x-2009-06-19, ngerman-x-2009-06-19, ancientgreek, ibycus, ar
abic, basque, bulgarian, catalan, pinyin, coptic, croatian, czech, danish, dutc
h, esperanto, estonian, farsi, finnish, french, galician, german, ngerman, mono
greek, greek, hungarian, icelandic, indonesian, interlingua, irish, italian, ku
rmanji, latin, latvian, lithuanian, mongolian, mongolian2a, bokmal, nynorsk, po
lish, portuguese, romanian, russian, sanskrit, serbian, slovak, slovenian, span
ish, swedish, turkish, ukenglish, ukrainian, uppersorbian, welsh, loaded.

(/usr/local/texlive/2009/texmf-dist/tex/latex/base/book.cls
Document Class: book 2007/10/19 v1.4h Standard LaTeX document class
(/usr/local/texlive/2009/texmf-dist/tex/latex/base/bk10.clo))
(/Library/Frameworks/R.framework/Resources/share/texmf/tex/latex/Rd.sty
(/usr/local/texlive/2009/texmf-dist/tex/latex/base/ifthen.sty)
(/usr/local/texlive/2009/texmf-dist/tex/latex/tools/longtable.sty)
(/usr/local/texlive/2009/texmf-dist/tex/latex/tools/bm.sty)
(/usr/local/texlive/2009/texmf-dist/tex/latex/base/alltt.sty)
(/usr/local/texlive/2009/texmf-dist/tex/latex/tools/verbatim.sty)
(/usr/local/texlive/2009/texmf-dist/tex/latex/ltxmisc/url.sty) NOT loading ae
(/usr/local/texlive/2009/texmf-dist/tex/latex/base/fontenc.sty
(/usr/local/texlive/2009/texmf-dist/tex/latex/base/t1enc.def))
(/usr/local/texlive/2009/texmf-dist/tex/latex/psnfss/times.sty)
NOT loading lmodern
(/usr/local/texlive/2009/texmf-dist/tex/latex/inconsolata/inconsolata.sty
(/usr/local/texlive/2009/texmf-dist/tex/latex/base/textcomp.sty
(/usr/local/texlive/2009/texmf-dist/tex/latex/base/ts1enc.def))
(/usr/local/texlive/2009/texmf-dist/tex/latex/graphics/keyval.sty))
(/usr/local/texlive/2009/texmf-dist/tex/latex/graphics/color.sty
(/usr/local/texlive/2009/texmf-dist/tex/latex/latexconfig/color.cfg)
(/usr/local/texlive/2009/texmf-dist/tex/latex/pdftex-def/pdftex.def))
(/usr/local/texlive/2009/texmf-dist/tex/latex/hyperref/hyperref.sty
(/usr/local/texlive/2009/texmf-dist/tex/generic/oberdiek/ifpdf.sty)
(/usr/local/texlive/2009/texmf-dist/tex/generic/oberdiek/ifvtex.sty)
(/usr/local/texlive/2009/texmf-dist/tex/generic/ifxetex/ifxetex.sty)
(/usr/local/texlive/2009/texmf-dist/tex/latex/oberdiek/hycolor.sty
(/usr/local/texlive/2009/texmf-dist/tex/latex/oberdiek/xcolor-patch.sty))
(/usr/local/texlive/2009/texmf-dist/tex/latex/hyperref/pd1enc.def)
(/usr/local/texlive/2009/texmf-dist/tex/generic/oberdiek/etexcmds.sty
(/usr/local/texlive/2009/texmf-dist/tex/generic/oberdiek/infwarerr.sty))
(/usr/local/texlive/2009/texmf-dist/tex/latex/latexconfig/hyperref.cfg)
(/usr/local/texlive/2009/texmf-dist/tex/latex/oberdiek/kvoptions.sty
(/usr/local/texlive/2009/texmf-dist/tex/generic/oberdiek/kvsetkeys.sty))
Implicit mode ON; LaTeX internals redefined
(/usr/local/texlive/2009/texmf-dist/tex/generic/oberdiek/bitset.sty
(/usr/local/texlive/2009/texmf-dist/tex/generic/oberdiek/intcalc.sty)
(/usr/local/texlive/2009/texmf-dist/tex/generic/oberdiek/bigintcalc.sty
(/usr/local/texlive/2009/texmf-dist/tex/generic/oberdiek/pdftexcmds.sty
(/usr/local/texlive/2009/texmf-dist/tex/generic/oberdiek/ifluatex.sty)
(/usr/local/texlive/2009/texmf-dist/tex/generic/oberdiek/ltxcmds.sty))))
(/usr/local/texlive/2009/texmf-dist/tex/generic/oberdiek/atbegshi.sty))
*hyperref using default driver hpdftex*
(/usr/local/texlive/2009/texmf-dist/tex/latex/hyperref/hpdftex.def)

Package hyperref Warning: Option `hyperindex' has already been used,
(hyperref)                setting the option has no effect on input line 356.


Package hyperref Warning: Option `pagebackref' has already been used,
(hyperref)                setting the option has no effect on input line 356.

) (/usr/local/texlive/2009/texmf-dist/tex/latex/base/makeidx.sty)
(/usr/local/texlive/2009/texmf-dist/tex/latex/base/inputenc.sty
(/usr/local/texlive/2009/texmf-dist/tex/latex/base/utf8.def
(/usr/local/texlive/2009/texmf-dist/tex/latex/base/t1enc.dfu)
(/usr/local/texlive/2009/texmf-dist/tex/latex/base/ot1enc.dfu)
(/usr/local/texlive/2009/texmf-dist/tex/latex/base/omsenc.dfu)
(/usr/local/texlive/2009/texmf-dist/tex/latex/base/ts1enc.dfu))
(/usr/local/texlive/2009/texmf-dist/tex/latex/base/latin1.def))
Writing index file Rd2.idx
(./Rd2.aux) (/usr/local/texlive/2009/texmf-dist/tex/latex/base/ts1cmr.fd)
(/usr/local/texlive/2009/texmf-dist/tex/latex/psnfss/t1ptm.fd)
(/usr/local/texlive/2009/texmf-dist/tex/context/base/supp-pdf.mkii
[Loading MPS to PDF converter (version 2006.09.02).]
) (/usr/local/texlive/2009/texmf-dist/tex/latex/hyperref/nameref.sty
(/usr/local/texlive/2009/texmf-dist/tex/latex/oberdiek/refcount.sty))
(./Rd2.out) (./Rd2.out)
(/usr/local/texlive/2009/texmf-dist/tex/latex/inconsolata/t1fi4.fd)
(/usr/local/texlive/2009/texmf-dist/tex/latex/psnfss/t1phv.fd) (./Rd2.toc)
(/usr/local/texlive/2009/texmf-dist/tex/latex/base/utf8.def) [1{/usr/local/texl
ive/2009/texmf-var/fonts/map/pdftex/updmap/pdftex.map}]
(/usr/local/texlive/2009/texmf-dist/tex/latex/base/utf8.def) [2]
(/usr/local/texlive/2009/texmf-dist/tex/latex/base/utf8.def)
(/usr/local/texlive/2009/texmf-dist/tex/latex/base/utf8.def) [3]
(/usr/local/texlive/2009/texmf-dist/tex/latex/base/utf8.def)
(/usr/local/texlive/2009/texmf-dist/tex/latex/base/utf8.def) [4]
(/usr/local/texlive/2009/texmf-dist/tex/latex/base/utf8.def) [5]
Overfull \hbox (2.43619pt too wide) in paragraph at lines 255--256
[]\T1/ptm/m/n/10 This null model ran-domly per-mutes species abun-dance us-ing 
the re-spec-tive sites se-lected in sites_sel.
(/usr/local/texlive/2009/texmf-dist/tex/latex/base/utf8.def) [6]
(/usr/local/texlive/2009/texmf-dist/tex/latex/base/utf8.def) [7]
Overfull \hbox (44.78104pt too wide) in paragraph at lines 341--341
 []\T1/fi4/m/n/10 reg_method = "robust", null_reps = 200, test_stat = c(1, 1), 
mutual_reject = 7, alpha = 0.05)[] 
[8] (/usr/local/texlive/2009/texmf-dist/tex/latex/base/utf8.def)
(/usr/local/texlive/2009/texmf-dist/tex/latex/base/utf8.def) [9]
(/usr/local/texlive/2009/texmf-dist/tex/latex/base/utf8.def)
Overfull \hbox (0.61644pt too wide) in paragraph at lines 489--490
[]\T1/ptm/m/n/10 test_stat[1] = 1: absolute-covariance = 2: squared-covariance 
= 3: absolute-correlation = 4: squared-
[10] (/usr/local/texlive/2009/texmf-dist/tex/latex/base/utf8.def)
(/usr/local/texlive/2009/texmf-dist/tex/latex/base/utf8.def)
(/usr/local/texlive/2009/texmf-dist/tex/latex/base/utf8.def) [11] (./Rd2.ind
[12] [13]) (./Rd2.aux) )
(see the transcript file for additional information){/usr/local/texlive/2009/te
xmf-dist/fonts/enc/dvips/base/8r.enc}{/usr/local/texlive/2009/texmf-dist/fonts/
enc/dvips/inconsolata/fi4-ec.enc}</usr/local/texlive/2009/texmf-dist/fonts/type
1/public/inconsolata/Inconsolata.pfb></usr/local/texlive/2009/texmf-dist/fonts/
type1/urw/helvetic/uhvr8a.pfb></usr/local/texlive/2009/texmf-dist/fonts/type1/u
rw/times/utmb8a.pfb></usr/local/texlive/2009/texmf-dist/fonts/type1/urw/times/u
tmr8a.pfb></usr/local/texlive/2009/texmf-dist/fonts/type1/urw/times/utmr8a.pfb>
</usr/local/texlive/2009/texmf-dist/fonts/type1/urw/times/utmri8a.pfb>
Output written on Rd2.pdf (13 pages, 118932 bytes).
Transcript written on Rd2.log.
Saving output to 'NullSens-manual.pdf' ...
Done
You may want to clean up by 'rm -rf /var/folders/ww/wwUbw1DFFoiTGBWKpToo+E+++TI/-Tmp-//RtmpZw1yNo/Rd2pdf66ec5ac3b27b'
